<?xml version="1.0" encoding="UTF-8"?>
<testng-results skipped="0" failed="0" ignored="0" total="1" passed="1">
  <reporter-output>
  </reporter-output>
  <suite name="API Execution" duration-ms="1028" started-at="2021-01-29T10:39:00 IST" finished-at="2021-01-29T10:39:01 IST">
    <groups>
    </groups>
    <test name="Smoke Test" duration-ms="1028" started-at="2021-01-29T10:39:00 IST" finished-at="2021-01-29T10:39:01 IST">
      <class name="dfte.apiexe.helper.LoadCollections">
        <test-method status="PASS" signature="beforeSuiteExec()[pri:0, instance:dfte.apiexe.helper.LoadCollections@5752a254]" name="beforeSuiteExec" is-config="true" duration-ms="442" started-at="2021-01-29T10:39:00 IST" finished-at="2021-01-29T10:39:00 IST">
          <reporter-output>
          </reporter-output>
        </test-method> <!-- beforeSuiteExec -->
        <test-method status="PASS" signature="readSuiteForExecution(java.lang.String)[pri:0, instance:dfte.apiexe.helper.LoadCollections@5752a254]" name="readSuiteForExecution" duration-ms="914" started-at="2021-01-29T10:39:00 IST" finished-at="2021-01-29T10:39:01 IST">
          <params>
            <param index="0">
              <value>
                <![CDATA[Smoke Test]]>
              </value>
            </param>
          </params>
          <reporter-output>
          </reporter-output>
        </test-method> <!-- readSuiteForExecution -->
      </class> <!-- dfte.apiexe.helper.LoadCollections -->
    </test> <!-- Smoke Test -->
  </suite> <!-- API Execution -->
</testng-results>
